CRITICAL - 2021-06-23 04:23:55 --> Cannot declare class App\Controllers\AlcampController, because the name is already in use
#0 [internal function]: CodeIgniter\Debug\Exceptions->shutdownHandler()
#1 {main}
CRITICAL - 2021-06-23 04:24:22 --> Cannot declare class App\Controllers\AlcampControlle, because the name is already in use
#0 [internal function]: CodeIgniter\Debug\Exceptions->shutdownHandler()
#1 {main}
ERROR - 2021-06-23 07:05:22 --> Table 'sewa.sewa_alat' doesn't exist
CRITICAL - 2021-06-23 07:05:22 --> Table 'sewa.sewa_alat' doesn't exist
#0 C:\xampp\htdocs\sewa\vendor\codeigniter4\framework\system\Database\MySQLi\Connection.php(329): mysqli->query('SELECT *\nFROM `...')
#1 C:\xampp\htdocs\sewa\vendor\codeigniter4\framework\system\Database\BaseConnection.php(732): CodeIgniter\Database\MySQLi\Connection->execute('SELECT *\nFROM `...')
#2 C:\xampp\htdocs\sewa\vendor\codeigniter4\framework\system\Database\BaseConnection.php(647): CodeIgniter\Database\BaseConnection->simpleQuery('SELECT *\nFROM `...')
#3 C:\xampp\htdocs\sewa\vendor\codeigniter4\framework\system\Database\BaseBuilder.php(1881): CodeIgniter\Database\BaseConnection->query('SELECT *\nFROM `...', Array, false)
#4 C:\xampp\htdocs\sewa\vendor\codeigniter4\framework\system\Model.php(197): CodeIgniter\Database\BaseBuilder->get()
#5 C:\xampp\htdocs\sewa\vendor\codeigniter4\framework\system\BaseModel.php(603): CodeIgniter\Model->doFindAll(0, 0)
#6 C:\xampp\htdocs\sewa\app\Controllers\SewaController.php(19): CodeIgniter\BaseModel->findAll()
#7 C:\xampp\htdocs\sewa\vendor\codeigniter4\framework\system\CodeIgniter.php(928): App\Controllers\SewaController->index()
#8 C:\xampp\htdocs\sewa\vendor\codeigniter4\framework\system\CodeIgniter.php(436): CodeIgniter\CodeIgniter->runController(Object(App\Controllers\SewaController))
#9 C:\xampp\htdocs\sewa\vendor\codeigniter4\framework\system\CodeIgniter.php(336): CodeIgniter\CodeIgniter->handleRequest(NULL, Object(Config\Cache), false)
#10 C:\xampp\htdocs\sewa\public\index.php(37): CodeIgniter\CodeIgniter->run()
#11 C:\xampp\htdocs\sewa\vendor\codeigniter4\framework\system\Commands\Server\rewrite.php(45): require_once('C:\\xampp\\htdocs...')
#12 {main}
ERROR - 2021-06-23 07:05:24 --> Table 'sewa.sewa_alat' doesn't exist
CRITICAL - 2021-06-23 07:05:24 --> Table 'sewa.sewa_alat' doesn't exist
#0 C:\xampp\htdocs\sewa\vendor\codeigniter4\framework\system\Database\MySQLi\Connection.php(329): mysqli->query('SELECT *\nFROM `...')
#1 C:\xampp\htdocs\sewa\vendor\codeigniter4\framework\system\Database\BaseConnection.php(732): CodeIgniter\Database\MySQLi\Connection->execute('SELECT *\nFROM `...')
#2 C:\xampp\htdocs\sewa\vendor\codeigniter4\framework\system\Database\BaseConnection.php(647): CodeIgniter\Database\BaseConnection->simpleQuery('SELECT *\nFROM `...')
#3 C:\xampp\htdocs\sewa\vendor\codeigniter4\framework\system\Database\BaseBuilder.php(1881): CodeIgniter\Database\BaseConnection->query('SELECT *\nFROM `...', Array, false)
#4 C:\xampp\htdocs\sewa\vendor\codeigniter4\framework\system\Model.php(197): CodeIgniter\Database\BaseBuilder->get()
#5 C:\xampp\htdocs\sewa\vendor\codeigniter4\framework\system\BaseModel.php(603): CodeIgniter\Model->doFindAll(0, 0)
#6 C:\xampp\htdocs\sewa\app\Controllers\SewaController.php(19): CodeIgniter\BaseModel->findAll()
#7 C:\xampp\htdocs\sewa\vendor\codeigniter4\framework\system\CodeIgniter.php(928): App\Controllers\SewaController->index()
#8 C:\xampp\htdocs\sewa\vendor\codeigniter4\framework\system\CodeIgniter.php(436): CodeIgniter\CodeIgniter->runController(Object(App\Controllers\SewaController))
#9 C:\xampp\htdocs\sewa\vendor\codeigniter4\framework\system\CodeIgniter.php(336): CodeIgniter\CodeIgniter->handleRequest(NULL, Object(Config\Cache), false)
#10 C:\xampp\htdocs\sewa\public\index.php(37): CodeIgniter\CodeIgniter->run()
#11 C:\xampp\htdocs\sewa\vendor\codeigniter4\framework\system\Commands\Server\rewrite.php(45): require_once('C:\\xampp\\htdocs...')
#12 {main}
ERROR - 2021-06-23 07:05:38 --> Table 'sewa.sewa_alat' doesn't exist
CRITICAL - 2021-06-23 07:05:38 --> Table 'sewa.sewa_alat' doesn't exist
#0 C:\xampp\htdocs\sewa\vendor\codeigniter4\framework\system\Database\MySQLi\Connection.php(329): mysqli->query('SELECT *\nFROM `...')
#1 C:\xampp\htdocs\sewa\vendor\codeigniter4\framework\system\Database\BaseConnection.php(732): CodeIgniter\Database\MySQLi\Connection->execute('SELECT *\nFROM `...')
#2 C:\xampp\htdocs\sewa\vendor\codeigniter4\framework\system\Database\BaseConnection.php(647): CodeIgniter\Database\BaseConnection->simpleQuery('SELECT *\nFROM `...')
#3 C:\xampp\htdocs\sewa\vendor\codeigniter4\framework\system\Database\BaseBuilder.php(1881): CodeIgniter\Database\BaseConnection->query('SELECT *\nFROM `...', Array, false)
#4 C:\xampp\htdocs\sewa\vendor\codeigniter4\framework\system\Model.php(197): CodeIgniter\Database\BaseBuilder->get()
#5 C:\xampp\htdocs\sewa\vendor\codeigniter4\framework\system\BaseModel.php(603): CodeIgniter\Model->doFindAll(0, 0)
#6 C:\xampp\htdocs\sewa\app\Controllers\SewaController.php(19): CodeIgniter\BaseModel->findAll()
#7 C:\xampp\htdocs\sewa\vendor\codeigniter4\framework\system\CodeIgniter.php(928): App\Controllers\SewaController->index()
#8 C:\xampp\htdocs\sewa\vendor\codeigniter4\framework\system\CodeIgniter.php(436): CodeIgniter\CodeIgniter->runController(Object(App\Controllers\SewaController))
#9 C:\xampp\htdocs\sewa\vendor\codeigniter4\framework\system\CodeIgniter.php(336): CodeIgniter\CodeIgniter->handleRequest(NULL, Object(Config\Cache), false)
#10 C:\xampp\htdocs\sewa\public\index.php(37): CodeIgniter\CodeIgniter->run()
#11 C:\xampp\htdocs\sewa\vendor\codeigniter4\framework\system\Commands\Server\rewrite.php(45): require_once('C:\\xampp\\htdocs...')
#12 {main}
ERROR - 2021-06-23 07:08:07 --> Table 'sewa.sewa_alat' doesn't exist
CRITICAL - 2021-06-23 07:08:07 --> Table 'sewa.sewa_alat' doesn't exist
#0 C:\xampp\htdocs\sewa\vendor\codeigniter4\framework\system\Database\MySQLi\Connection.php(329): mysqli->query('SELECT *\nFROM `...')
#1 C:\xampp\htdocs\sewa\vendor\codeigniter4\framework\system\Database\BaseConnection.php(732): CodeIgniter\Database\MySQLi\Connection->execute('SELECT *\nFROM `...')
#2 C:\xampp\htdocs\sewa\vendor\codeigniter4\framework\system\Database\BaseConnection.php(647): CodeIgniter\Database\BaseConnection->simpleQuery('SELECT *\nFROM `...')
#3 C:\xampp\htdocs\sewa\vendor\codeigniter4\framework\system\Database\BaseBuilder.php(1881): CodeIgniter\Database\BaseConnection->query('SELECT *\nFROM `...', Array, false)
#4 C:\xampp\htdocs\sewa\vendor\codeigniter4\framework\system\Model.php(197): CodeIgniter\Database\BaseBuilder->get()
#5 C:\xampp\htdocs\sewa\vendor\codeigniter4\framework\system\BaseModel.php(603): CodeIgniter\Model->doFindAll(0, 0)
#6 C:\xampp\htdocs\sewa\app\Controllers\SewaController.php(19): CodeIgniter\BaseModel->findAll()
#7 C:\xampp\htdocs\sewa\vendor\codeigniter4\framework\system\CodeIgniter.php(928): App\Controllers\SewaController->index()
#8 C:\xampp\htdocs\sewa\vendor\codeigniter4\framework\system\CodeIgniter.php(436): CodeIgniter\CodeIgniter->runController(Object(App\Controllers\SewaController))
#9 C:\xampp\htdocs\sewa\vendor\codeigniter4\framework\system\CodeIgniter.php(336): CodeIgniter\CodeIgniter->handleRequest(NULL, Object(Config\Cache), false)
#10 C:\xampp\htdocs\sewa\public\index.php(37): CodeIgniter\CodeIgniter->run()
#11 C:\xampp\htdocs\sewa\vendor\codeigniter4\framework\system\Commands\Server\rewrite.php(45): require_once('C:\\xampp\\htdocs...')
#12 {main}
CRITICAL - 2021-06-23 07:10:18 --> Undefined array key "kode_dosen"
#0 C:\xampp\htdocs\sewa\app\Views\admin\alcamp\edit.php(14): CodeIgniter\Debug\Exceptions->errorHandler(2, 'Undefined array...', 'C:\\xampp\\htdocs...', 14)
#1 C:\xampp\htdocs\sewa\vendor\codeigniter4\framework\system\View\View.php(230): include('C:\\xampp\\htdocs...')
#2 C:\xampp\htdocs\sewa\vendor\codeigniter4\framework\system\View\View.php(232): CodeIgniter\View\View->CodeIgniter\View\{closure}()
#3 C:\xampp\htdocs\sewa\vendor\codeigniter4\framework\system\Common.php(1271): CodeIgniter\View\View->render('admin/alcamp/ed...', Array, true)
#4 C:\xampp\htdocs\sewa\app\Controllers\SewaController.php(64): view('admin/alcamp/ed...', Array)
#5 C:\xampp\htdocs\sewa\vendor\codeigniter4\framework\system\CodeIgniter.php(928): App\Controllers\SewaController->edit('1')
#6 C:\xampp\htdocs\sewa\vendor\codeigniter4\framework\system\CodeIgniter.php(436): CodeIgniter\CodeIgniter->runController(Object(App\Controllers\SewaController))
#7 C:\xampp\htdocs\sewa\vendor\codeigniter4\framework\system\CodeIgniter.php(336): CodeIgniter\CodeIgniter->handleRequest(NULL, Object(Config\Cache), false)
#8 C:\xampp\htdocs\sewa\public\index.php(37): CodeIgniter\CodeIgniter->run()
#9 C:\xampp\htdocs\sewa\vendor\codeigniter4\framework\system\Commands\Server\rewrite.php(45): require_once('C:\\xampp\\htdocs...')
#10 {main}
CRITICAL - 2021-06-23 07:24:34 --> Undefined array key "kode_dosen"
#0 C:\xampp\htdocs\sewa\app\Views\admin\alcamp\edit.php(14): CodeIgniter\Debug\Exceptions->errorHandler(2, 'Undefined array...', 'C:\\xampp\\htdocs...', 14)
#1 C:\xampp\htdocs\sewa\vendor\codeigniter4\framework\system\View\View.php(230): include('C:\\xampp\\htdocs...')
#2 C:\xampp\htdocs\sewa\vendor\codeigniter4\framework\system\View\View.php(232): CodeIgniter\View\View->CodeIgniter\View\{closure}()
#3 C:\xampp\htdocs\sewa\vendor\codeigniter4\framework\system\Common.php(1271): CodeIgniter\View\View->render('admin/alcamp/ed...', Array, true)
#4 C:\xampp\htdocs\sewa\app\Controllers\SewaController.php(63): view('admin/alcamp/ed...', Array)
#5 C:\xampp\htdocs\sewa\vendor\codeigniter4\framework\system\CodeIgniter.php(928): App\Controllers\SewaController->edit('4')
#6 C:\xampp\htdocs\sewa\vendor\codeigniter4\framework\system\CodeIgniter.php(436): CodeIgniter\CodeIgniter->runController(Object(App\Controllers\SewaController))
#7 C:\xampp\htdocs\sewa\vendor\codeigniter4\framework\system\CodeIgniter.php(336): CodeIgniter\CodeIgniter->handleRequest(NULL, Object(Config\Cache), false)
#8 C:\xampp\htdocs\sewa\public\index.php(37): CodeIgniter\CodeIgniter->run()
#9 C:\xampp\htdocs\sewa\vendor\codeigniter4\framework\system\Commands\Server\rewrite.php(45): require_once('C:\\xampp\\htdocs...')
#10 {main}
