CRITICAL - 2021-06-21 21:03:11 --> Undefined variable $base_url
#0 C:\xampp\htdocs\dosen\app\Views\layout\master.php(57): CodeIgniter\Debug\Exceptions->errorHandler(2, 'Undefined varia...', 'C:\\xampp\\htdocs...', 57)
#1 C:\xampp\htdocs\dosen\vendor\codeigniter4\framework\system\View\View.php(230): include('C:\\xampp\\htdocs...')
#2 C:\xampp\htdocs\dosen\vendor\codeigniter4\framework\system\View\View.php(232): CodeIgniter\View\View->CodeIgniter\View\{closure}()
#3 C:\xampp\htdocs\dosen\vendor\codeigniter4\framework\system\View\View.php(246): CodeIgniter\View\View->render('layout/master', Array, true)
#4 C:\xampp\htdocs\dosen\vendor\codeigniter4\framework\system\Common.php(1271): CodeIgniter\View\View->render('admin/index', Array, true)
#5 C:\xampp\htdocs\dosen\app\Controllers\DosenController.php(11): view('admin/index')
#6 C:\xampp\htdocs\dosen\vendor\codeigniter4\framework\system\CodeIgniter.php(928): App\Controllers\DosenController->dashboard()
#7 C:\xampp\htdocs\dosen\vendor\codeigniter4\framework\system\CodeIgniter.php(436): CodeIgniter\CodeIgniter->runController(Object(App\Controllers\DosenController))
#8 C:\xampp\htdocs\dosen\vendor\codeigniter4\framework\system\CodeIgniter.php(336): CodeIgniter\CodeIgniter->handleRequest(NULL, Object(Config\Cache), false)
#9 C:\xampp\htdocs\dosen\public\index.php(37): CodeIgniter\CodeIgniter->run()
#10 C:\xampp\htdocs\dosen\vendor\codeigniter4\framework\system\Commands\Server\rewrite.php(45): require_once('C:\\xampp\\htdocs...')
#11 {main}
CRITICAL - 2021-06-21 21:03:13 --> Undefined variable $base_url
#0 C:\xampp\htdocs\dosen\app\Views\layout\master.php(57): CodeIgniter\Debug\Exceptions->errorHandler(2, 'Undefined varia...', 'C:\\xampp\\htdocs...', 57)
#1 C:\xampp\htdocs\dosen\vendor\codeigniter4\framework\system\View\View.php(230): include('C:\\xampp\\htdocs...')
#2 C:\xampp\htdocs\dosen\vendor\codeigniter4\framework\system\View\View.php(232): CodeIgniter\View\View->CodeIgniter\View\{closure}()
#3 C:\xampp\htdocs\dosen\vendor\codeigniter4\framework\system\View\View.php(246): CodeIgniter\View\View->render('layout/master', Array, true)
#4 C:\xampp\htdocs\dosen\vendor\codeigniter4\framework\system\Common.php(1271): CodeIgniter\View\View->render('admin/index', Array, true)
#5 C:\xampp\htdocs\dosen\app\Controllers\DosenController.php(11): view('admin/index')
#6 C:\xampp\htdocs\dosen\vendor\codeigniter4\framework\system\CodeIgniter.php(928): App\Controllers\DosenController->dashboard()
#7 C:\xampp\htdocs\dosen\vendor\codeigniter4\framework\system\CodeIgniter.php(436): CodeIgniter\CodeIgniter->runController(Object(App\Controllers\DosenController))
#8 C:\xampp\htdocs\dosen\vendor\codeigniter4\framework\system\CodeIgniter.php(336): CodeIgniter\CodeIgniter->handleRequest(NULL, Object(Config\Cache), false)
#9 C:\xampp\htdocs\dosen\public\index.php(37): CodeIgniter\CodeIgniter->run()
#10 C:\xampp\htdocs\dosen\vendor\codeigniter4\framework\system\Commands\Server\rewrite.php(45): require_once('C:\\xampp\\htdocs...')
#11 {main}
CRITICAL - 2021-06-21 21:07:30 --> Undefined variable $base_url
#0 C:\xampp\htdocs\dosen\app\Views\layout\master.php(57): CodeIgniter\Debug\Exceptions->errorHandler(2, 'Undefined varia...', 'C:\\xampp\\htdocs...', 57)
#1 C:\xampp\htdocs\dosen\vendor\codeigniter4\framework\system\View\View.php(230): include('C:\\xampp\\htdocs...')
#2 C:\xampp\htdocs\dosen\vendor\codeigniter4\framework\system\View\View.php(232): CodeIgniter\View\View->CodeIgniter\View\{closure}()
#3 C:\xampp\htdocs\dosen\vendor\codeigniter4\framework\system\View\View.php(246): CodeIgniter\View\View->render('layout/master', Array, true)
#4 C:\xampp\htdocs\dosen\vendor\codeigniter4\framework\system\Common.php(1271): CodeIgniter\View\View->render('admin/index', Array, true)
#5 C:\xampp\htdocs\dosen\app\Controllers\DosenController.php(11): view('admin/index')
#6 C:\xampp\htdocs\dosen\vendor\codeigniter4\framework\system\CodeIgniter.php(928): App\Controllers\DosenController->dashboard()
#7 C:\xampp\htdocs\dosen\vendor\codeigniter4\framework\system\CodeIgniter.php(436): CodeIgniter\CodeIgniter->runController(Object(App\Controllers\DosenController))
#8 C:\xampp\htdocs\dosen\vendor\codeigniter4\framework\system\CodeIgniter.php(336): CodeIgniter\CodeIgniter->handleRequest(NULL, Object(Config\Cache), false)
#9 C:\xampp\htdocs\dosen\public\index.php(37): CodeIgniter\CodeIgniter->run()
#10 C:\xampp\htdocs\dosen\vendor\codeigniter4\framework\system\Commands\Server\rewrite.php(45): require_once('C:\\xampp\\htdocs...')
#11 {main}
CRITICAL - 2021-06-21 21:30:57 --> Undefined variable $base_url
#0 C:\xampp\htdocs\dosen\app\Views\layout\master.php(57): CodeIgniter\Debug\Exceptions->errorHandler(2, 'Undefined varia...', 'C:\\xampp\\htdocs...', 57)
#1 C:\xampp\htdocs\dosen\vendor\codeigniter4\framework\system\View\View.php(230): include('C:\\xampp\\htdocs...')
#2 C:\xampp\htdocs\dosen\vendor\codeigniter4\framework\system\View\View.php(232): CodeIgniter\View\View->CodeIgniter\View\{closure}()
#3 C:\xampp\htdocs\dosen\vendor\codeigniter4\framework\system\View\View.php(246): CodeIgniter\View\View->render('layout/master', Array, true)
#4 C:\xampp\htdocs\dosen\vendor\codeigniter4\framework\system\Common.php(1271): CodeIgniter\View\View->render('admin/index', Array, true)
#5 C:\xampp\htdocs\dosen\app\Controllers\DosenController.php(11): view('admin/index')
#6 C:\xampp\htdocs\dosen\vendor\codeigniter4\framework\system\CodeIgniter.php(928): App\Controllers\DosenController->dashboard()
#7 C:\xampp\htdocs\dosen\vendor\codeigniter4\framework\system\CodeIgniter.php(436): CodeIgniter\CodeIgniter->runController(Object(App\Controllers\DosenController))
#8 C:\xampp\htdocs\dosen\vendor\codeigniter4\framework\system\CodeIgniter.php(336): CodeIgniter\CodeIgniter->handleRequest(NULL, Object(Config\Cache), false)
#9 C:\xampp\htdocs\dosen\public\index.php(37): CodeIgniter\CodeIgniter->run()
#10 C:\xampp\htdocs\dosen\vendor\codeigniter4\framework\system\Commands\Server\rewrite.php(45): require_once('C:\\xampp\\htdocs...')
#11 {main}
CRITICAL - 2021-06-21 21:35:50 --> Undefined variable $base_url
#0 C:\xampp\htdocs\dosen\app\Views\layout\master.php(57): CodeIgniter\Debug\Exceptions->errorHandler(2, 'Undefined varia...', 'C:\\xampp\\htdocs...', 57)
#1 C:\xampp\htdocs\dosen\vendor\codeigniter4\framework\system\View\View.php(230): include('C:\\xampp\\htdocs...')
#2 C:\xampp\htdocs\dosen\vendor\codeigniter4\framework\system\View\View.php(232): CodeIgniter\View\View->CodeIgniter\View\{closure}()
#3 C:\xampp\htdocs\dosen\vendor\codeigniter4\framework\system\View\View.php(246): CodeIgniter\View\View->render('layout/master', Array, true)
#4 C:\xampp\htdocs\dosen\vendor\codeigniter4\framework\system\Common.php(1271): CodeIgniter\View\View->render('admin/index', Array, true)
#5 C:\xampp\htdocs\dosen\app\Controllers\DosenController.php(11): view('admin/index')
#6 C:\xampp\htdocs\dosen\vendor\codeigniter4\framework\system\CodeIgniter.php(928): App\Controllers\DosenController->dashboard()
#7 C:\xampp\htdocs\dosen\vendor\codeigniter4\framework\system\CodeIgniter.php(436): CodeIgniter\CodeIgniter->runController(Object(App\Controllers\DosenController))
#8 C:\xampp\htdocs\dosen\vendor\codeigniter4\framework\system\CodeIgniter.php(336): CodeIgniter\CodeIgniter->handleRequest(NULL, Object(Config\Cache), false)
#9 C:\xampp\htdocs\dosen\public\index.php(37): CodeIgniter\CodeIgniter->run()
#10 C:\xampp\htdocs\dosen\vendor\codeigniter4\framework\system\Commands\Server\rewrite.php(45): require_once('C:\\xampp\\htdocs...')
#11 {main}
CRITICAL - 2021-06-21 21:46:20 --> Undefined variable $base_url
#0 C:\xampp\htdocs\dosen\app\Views\layout\master.php(57): CodeIgniter\Debug\Exceptions->errorHandler(2, 'Undefined varia...', 'C:\\xampp\\htdocs...', 57)
#1 C:\xampp\htdocs\dosen\vendor\codeigniter4\framework\system\View\View.php(230): include('C:\\xampp\\htdocs...')
#2 C:\xampp\htdocs\dosen\vendor\codeigniter4\framework\system\View\View.php(232): CodeIgniter\View\View->CodeIgniter\View\{closure}()
#3 C:\xampp\htdocs\dosen\vendor\codeigniter4\framework\system\View\View.php(246): CodeIgniter\View\View->render('layout/master', Array, true)
#4 C:\xampp\htdocs\dosen\vendor\codeigniter4\framework\system\Common.php(1271): CodeIgniter\View\View->render('admin/index', Array, true)
#5 C:\xampp\htdocs\dosen\app\Controllers\DosenController.php(11): view('admin/index')
#6 C:\xampp\htdocs\dosen\vendor\codeigniter4\framework\system\CodeIgniter.php(928): App\Controllers\DosenController->dashboard()
#7 C:\xampp\htdocs\dosen\vendor\codeigniter4\framework\system\CodeIgniter.php(436): CodeIgniter\CodeIgniter->runController(Object(App\Controllers\DosenController))
#8 C:\xampp\htdocs\dosen\vendor\codeigniter4\framework\system\CodeIgniter.php(336): CodeIgniter\CodeIgniter->handleRequest(NULL, Object(Config\Cache), false)
#9 C:\xampp\htdocs\dosen\public\index.php(37): CodeIgniter\CodeIgniter->run()
#10 C:\xampp\htdocs\dosen\vendor\codeigniter4\framework\system\Commands\Server\rewrite.php(45): require_once('C:\\xampp\\htdocs...')
#11 {main}
CRITICAL - 2021-06-21 21:46:20 --> Undefined variable $base_url
#0 C:\xampp\htdocs\dosen\app\Views\layout\master.php(57): CodeIgniter\Debug\Exceptions->errorHandler(2, 'Undefined varia...', 'C:\\xampp\\htdocs...', 57)
#1 C:\xampp\htdocs\dosen\vendor\codeigniter4\framework\system\View\View.php(230): include('C:\\xampp\\htdocs...')
#2 C:\xampp\htdocs\dosen\vendor\codeigniter4\framework\system\View\View.php(232): CodeIgniter\View\View->CodeIgniter\View\{closure}()
#3 C:\xampp\htdocs\dosen\vendor\codeigniter4\framework\system\View\View.php(246): CodeIgniter\View\View->render('layout/master', Array, true)
#4 C:\xampp\htdocs\dosen\vendor\codeigniter4\framework\system\Common.php(1271): CodeIgniter\View\View->render('admin/index', Array, true)
#5 C:\xampp\htdocs\dosen\app\Controllers\DosenController.php(11): view('admin/index')
#6 C:\xampp\htdocs\dosen\vendor\codeigniter4\framework\system\CodeIgniter.php(928): App\Controllers\DosenController->dashboard()
#7 C:\xampp\htdocs\dosen\vendor\codeigniter4\framework\system\CodeIgniter.php(436): CodeIgniter\CodeIgniter->runController(Object(App\Controllers\DosenController))
#8 C:\xampp\htdocs\dosen\vendor\codeigniter4\framework\system\CodeIgniter.php(336): CodeIgniter\CodeIgniter->handleRequest(NULL, Object(Config\Cache), false)
#9 C:\xampp\htdocs\dosen\public\index.php(37): CodeIgniter\CodeIgniter->run()
#10 C:\xampp\htdocs\dosen\vendor\codeigniter4\framework\system\Commands\Server\rewrite.php(45): require_once('C:\\xampp\\htdocs...')
#11 {main}
CRITICAL - 2021-06-21 21:46:34 --> Undefined variable $base_url
#0 C:\xampp\htdocs\dosen\app\Views\layout\master.php(57): CodeIgniter\Debug\Exceptions->errorHandler(2, 'Undefined varia...', 'C:\\xampp\\htdocs...', 57)
#1 C:\xampp\htdocs\dosen\vendor\codeigniter4\framework\system\View\View.php(230): include('C:\\xampp\\htdocs...')
#2 C:\xampp\htdocs\dosen\vendor\codeigniter4\framework\system\View\View.php(232): CodeIgniter\View\View->CodeIgniter\View\{closure}()
#3 C:\xampp\htdocs\dosen\vendor\codeigniter4\framework\system\View\View.php(246): CodeIgniter\View\View->render('layout/master', Array, true)
#4 C:\xampp\htdocs\dosen\vendor\codeigniter4\framework\system\Common.php(1271): CodeIgniter\View\View->render('admin/index', Array, true)
#5 C:\xampp\htdocs\dosen\app\Controllers\DosenController.php(11): view('admin/index')
#6 C:\xampp\htdocs\dosen\vendor\codeigniter4\framework\system\CodeIgniter.php(928): App\Controllers\DosenController->dashboard()
#7 C:\xampp\htdocs\dosen\vendor\codeigniter4\framework\system\CodeIgniter.php(436): CodeIgniter\CodeIgniter->runController(Object(App\Controllers\DosenController))
#8 C:\xampp\htdocs\dosen\vendor\codeigniter4\framework\system\CodeIgniter.php(336): CodeIgniter\CodeIgniter->handleRequest(NULL, Object(Config\Cache), false)
#9 C:\xampp\htdocs\dosen\public\index.php(37): CodeIgniter\CodeIgniter->run()
#10 C:\xampp\htdocs\dosen\vendor\codeigniter4\framework\system\Commands\Server\rewrite.php(45): require_once('C:\\xampp\\htdocs...')
#11 {main}
CRITICAL - 2021-06-21 21:46:35 --> Undefined variable $base_url
#0 C:\xampp\htdocs\dosen\app\Views\layout\master.php(57): CodeIgniter\Debug\Exceptions->errorHandler(2, 'Undefined varia...', 'C:\\xampp\\htdocs...', 57)
#1 C:\xampp\htdocs\dosen\vendor\codeigniter4\framework\system\View\View.php(230): include('C:\\xampp\\htdocs...')
#2 C:\xampp\htdocs\dosen\vendor\codeigniter4\framework\system\View\View.php(232): CodeIgniter\View\View->CodeIgniter\View\{closure}()
#3 C:\xampp\htdocs\dosen\vendor\codeigniter4\framework\system\View\View.php(246): CodeIgniter\View\View->render('layout/master', Array, true)
#4 C:\xampp\htdocs\dosen\vendor\codeigniter4\framework\system\Common.php(1271): CodeIgniter\View\View->render('admin/index', Array, true)
#5 C:\xampp\htdocs\dosen\app\Controllers\DosenController.php(11): view('admin/index')
#6 C:\xampp\htdocs\dosen\vendor\codeigniter4\framework\system\CodeIgniter.php(928): App\Controllers\DosenController->dashboard()
#7 C:\xampp\htdocs\dosen\vendor\codeigniter4\framework\system\CodeIgniter.php(436): CodeIgniter\CodeIgniter->runController(Object(App\Controllers\DosenController))
#8 C:\xampp\htdocs\dosen\vendor\codeigniter4\framework\system\CodeIgniter.php(336): CodeIgniter\CodeIgniter->handleRequest(NULL, Object(Config\Cache), false)
#9 C:\xampp\htdocs\dosen\public\index.php(37): CodeIgniter\CodeIgniter->run()
#10 C:\xampp\htdocs\dosen\vendor\codeigniter4\framework\system\Commands\Server\rewrite.php(45): require_once('C:\\xampp\\htdocs...')
#11 {main}
CRITICAL - 2021-06-21 21:46:35 --> Undefined variable $base_url
#0 C:\xampp\htdocs\dosen\app\Views\layout\master.php(57): CodeIgniter\Debug\Exceptions->errorHandler(2, 'Undefined varia...', 'C:\\xampp\\htdocs...', 57)
#1 C:\xampp\htdocs\dosen\vendor\codeigniter4\framework\system\View\View.php(230): include('C:\\xampp\\htdocs...')
#2 C:\xampp\htdocs\dosen\vendor\codeigniter4\framework\system\View\View.php(232): CodeIgniter\View\View->CodeIgniter\View\{closure}()
#3 C:\xampp\htdocs\dosen\vendor\codeigniter4\framework\system\View\View.php(246): CodeIgniter\View\View->render('layout/master', Array, true)
#4 C:\xampp\htdocs\dosen\vendor\codeigniter4\framework\system\Common.php(1271): CodeIgniter\View\View->render('admin/index', Array, true)
#5 C:\xampp\htdocs\dosen\app\Controllers\DosenController.php(11): view('admin/index')
#6 C:\xampp\htdocs\dosen\vendor\codeigniter4\framework\system\CodeIgniter.php(928): App\Controllers\DosenController->dashboard()
#7 C:\xampp\htdocs\dosen\vendor\codeigniter4\framework\system\CodeIgniter.php(436): CodeIgniter\CodeIgniter->runController(Object(App\Controllers\DosenController))
#8 C:\xampp\htdocs\dosen\vendor\codeigniter4\framework\system\CodeIgniter.php(336): CodeIgniter\CodeIgniter->handleRequest(NULL, Object(Config\Cache), false)
#9 C:\xampp\htdocs\dosen\public\index.php(37): CodeIgniter\CodeIgniter->run()
#10 C:\xampp\htdocs\dosen\vendor\codeigniter4\framework\system\Commands\Server\rewrite.php(45): require_once('C:\\xampp\\htdocs...')
#11 {main}
CRITICAL - 2021-06-21 21:46:37 --> Undefined variable $base_url
#0 C:\xampp\htdocs\dosen\app\Views\layout\master.php(57): CodeIgniter\Debug\Exceptions->errorHandler(2, 'Undefined varia...', 'C:\\xampp\\htdocs...', 57)
#1 C:\xampp\htdocs\dosen\vendor\codeigniter4\framework\system\View\View.php(230): include('C:\\xampp\\htdocs...')
#2 C:\xampp\htdocs\dosen\vendor\codeigniter4\framework\system\View\View.php(232): CodeIgniter\View\View->CodeIgniter\View\{closure}()
#3 C:\xampp\htdocs\dosen\vendor\codeigniter4\framework\system\View\View.php(246): CodeIgniter\View\View->render('layout/master', Array, true)
#4 C:\xampp\htdocs\dosen\vendor\codeigniter4\framework\system\Common.php(1271): CodeIgniter\View\View->render('admin/index', Array, true)
#5 C:\xampp\htdocs\dosen\app\Controllers\DosenController.php(11): view('admin/index')
#6 C:\xampp\htdocs\dosen\vendor\codeigniter4\framework\system\CodeIgniter.php(928): App\Controllers\DosenController->dashboard()
#7 C:\xampp\htdocs\dosen\vendor\codeigniter4\framework\system\CodeIgniter.php(436): CodeIgniter\CodeIgniter->runController(Object(App\Controllers\DosenController))
#8 C:\xampp\htdocs\dosen\vendor\codeigniter4\framework\system\CodeIgniter.php(336): CodeIgniter\CodeIgniter->handleRequest(NULL, Object(Config\Cache), false)
#9 C:\xampp\htdocs\dosen\public\index.php(37): CodeIgniter\CodeIgniter->run()
#10 C:\xampp\htdocs\dosen\vendor\codeigniter4\framework\system\Commands\Server\rewrite.php(45): require_once('C:\\xampp\\htdocs...')
#11 {main}
CRITICAL - 2021-06-21 21:46:37 --> Undefined variable $base_url
#0 C:\xampp\htdocs\dosen\app\Views\layout\master.php(57): CodeIgniter\Debug\Exceptions->errorHandler(2, 'Undefined varia...', 'C:\\xampp\\htdocs...', 57)
#1 C:\xampp\htdocs\dosen\vendor\codeigniter4\framework\system\View\View.php(230): include('C:\\xampp\\htdocs...')
#2 C:\xampp\htdocs\dosen\vendor\codeigniter4\framework\system\View\View.php(232): CodeIgniter\View\View->CodeIgniter\View\{closure}()
#3 C:\xampp\htdocs\dosen\vendor\codeigniter4\framework\system\View\View.php(246): CodeIgniter\View\View->render('layout/master', Array, true)
#4 C:\xampp\htdocs\dosen\vendor\codeigniter4\framework\system\Common.php(1271): CodeIgniter\View\View->render('admin/index', Array, true)
#5 C:\xampp\htdocs\dosen\app\Controllers\DosenController.php(11): view('admin/index')
#6 C:\xampp\htdocs\dosen\vendor\codeigniter4\framework\system\CodeIgniter.php(928): App\Controllers\DosenController->dashboard()
#7 C:\xampp\htdocs\dosen\vendor\codeigniter4\framework\system\CodeIgniter.php(436): CodeIgniter\CodeIgniter->runController(Object(App\Controllers\DosenController))
#8 C:\xampp\htdocs\dosen\vendor\codeigniter4\framework\system\CodeIgniter.php(336): CodeIgniter\CodeIgniter->handleRequest(NULL, Object(Config\Cache), false)
#9 C:\xampp\htdocs\dosen\public\index.php(37): CodeIgniter\CodeIgniter->run()
#10 C:\xampp\htdocs\dosen\vendor\codeigniter4\framework\system\Commands\Server\rewrite.php(45): require_once('C:\\xampp\\htdocs...')
#11 {main}
CRITICAL - 2021-06-21 21:49:18 --> Undefined variable $base_url
#0 C:\xampp\htdocs\dosen\app\Views\layout\master.php(57): CodeIgniter\Debug\Exceptions->errorHandler(2, 'Undefined varia...', 'C:\\xampp\\htdocs...', 57)
#1 C:\xampp\htdocs\dosen\vendor\codeigniter4\framework\system\View\View.php(230): include('C:\\xampp\\htdocs...')
#2 C:\xampp\htdocs\dosen\vendor\codeigniter4\framework\system\View\View.php(232): CodeIgniter\View\View->CodeIgniter\View\{closure}()
#3 C:\xampp\htdocs\dosen\vendor\codeigniter4\framework\system\View\View.php(246): CodeIgniter\View\View->render('layout/master', Array, true)
#4 C:\xampp\htdocs\dosen\vendor\codeigniter4\framework\system\Common.php(1271): CodeIgniter\View\View->render('admin/index', Array, true)
#5 C:\xampp\htdocs\dosen\app\Controllers\DosenController.php(11): view('admin/index')
#6 C:\xampp\htdocs\dosen\vendor\codeigniter4\framework\system\CodeIgniter.php(928): App\Controllers\DosenController->dashboard()
#7 C:\xampp\htdocs\dosen\vendor\codeigniter4\framework\system\CodeIgniter.php(436): CodeIgniter\CodeIgniter->runController(Object(App\Controllers\DosenController))
#8 C:\xampp\htdocs\dosen\vendor\codeigniter4\framework\system\CodeIgniter.php(336): CodeIgniter\CodeIgniter->handleRequest(NULL, Object(Config\Cache), false)
#9 C:\xampp\htdocs\dosen\public\index.php(37): CodeIgniter\CodeIgniter->run()
#10 C:\xampp\htdocs\dosen\vendor\codeigniter4\framework\system\Commands\Server\rewrite.php(45): require_once('C:\\xampp\\htdocs...')
#11 {main}
CRITICAL - 2021-06-21 21:50:04 --> Undefined variable $base_url
#0 C:\xampp\htdocs\dosen\app\Views\layout\master.php(57): CodeIgniter\Debug\Exceptions->errorHandler(2, 'Undefined varia...', 'C:\\xampp\\htdocs...', 57)
#1 C:\xampp\htdocs\dosen\vendor\codeigniter4\framework\system\View\View.php(230): include('C:\\xampp\\htdocs...')
#2 C:\xampp\htdocs\dosen\vendor\codeigniter4\framework\system\View\View.php(232): CodeIgniter\View\View->CodeIgniter\View\{closure}()
#3 C:\xampp\htdocs\dosen\vendor\codeigniter4\framework\system\View\View.php(246): CodeIgniter\View\View->render('layout/master', Array, true)
#4 C:\xampp\htdocs\dosen\vendor\codeigniter4\framework\system\Common.php(1271): CodeIgniter\View\View->render('admin/index', Array, true)
#5 C:\xampp\htdocs\dosen\app\Controllers\DosenController.php(11): view('admin/index')
#6 C:\xampp\htdocs\dosen\vendor\codeigniter4\framework\system\CodeIgniter.php(928): App\Controllers\DosenController->dashboard()
#7 C:\xampp\htdocs\dosen\vendor\codeigniter4\framework\system\CodeIgniter.php(436): CodeIgniter\CodeIgniter->runController(Object(App\Controllers\DosenController))
#8 C:\xampp\htdocs\dosen\vendor\codeigniter4\framework\system\CodeIgniter.php(336): CodeIgniter\CodeIgniter->handleRequest(NULL, Object(Config\Cache), false)
#9 C:\xampp\htdocs\dosen\public\index.php(37): CodeIgniter\CodeIgniter->run()
#10 C:\xampp\htdocs\dosen\vendor\codeigniter4\framework\system\Commands\Server\rewrite.php(45): require_once('C:\\xampp\\htdocs...')
#11 {main}
CRITICAL - 2021-06-21 21:50:16 --> Undefined variable $base_url
#0 C:\xampp\htdocs\dosen\app\Views\layout\master.php(57): CodeIgniter\Debug\Exceptions->errorHandler(2, 'Undefined varia...', 'C:\\xampp\\htdocs...', 57)
#1 C:\xampp\htdocs\dosen\vendor\codeigniter4\framework\system\View\View.php(230): include('C:\\xampp\\htdocs...')
#2 C:\xampp\htdocs\dosen\vendor\codeigniter4\framework\system\View\View.php(232): CodeIgniter\View\View->CodeIgniter\View\{closure}()
#3 C:\xampp\htdocs\dosen\vendor\codeigniter4\framework\system\View\View.php(246): CodeIgniter\View\View->render('layout/master', Array, true)
#4 C:\xampp\htdocs\dosen\vendor\codeigniter4\framework\system\Common.php(1271): CodeIgniter\View\View->render('admin/index', Array, true)
#5 C:\xampp\htdocs\dosen\app\Controllers\DosenController.php(11): view('admin/index')
#6 C:\xampp\htdocs\dosen\vendor\codeigniter4\framework\system\CodeIgniter.php(928): App\Controllers\DosenController->dashboard()
#7 C:\xampp\htdocs\dosen\vendor\codeigniter4\framework\system\CodeIgniter.php(436): CodeIgniter\CodeIgniter->runController(Object(App\Controllers\DosenController))
#8 C:\xampp\htdocs\dosen\vendor\codeigniter4\framework\system\CodeIgniter.php(336): CodeIgniter\CodeIgniter->handleRequest(NULL, Object(Config\Cache), false)
#9 C:\xampp\htdocs\dosen\public\index.php(37): CodeIgniter\CodeIgniter->run()
#10 C:\xampp\htdocs\dosen\vendor\codeigniter4\framework\system\Commands\Server\rewrite.php(45): require_once('C:\\xampp\\htdocs...')
#11 {main}
CRITICAL - 2021-06-21 21:50:16 --> Undefined variable $base_url
#0 C:\xampp\htdocs\dosen\app\Views\layout\master.php(57): CodeIgniter\Debug\Exceptions->errorHandler(2, 'Undefined varia...', 'C:\\xampp\\htdocs...', 57)
#1 C:\xampp\htdocs\dosen\vendor\codeigniter4\framework\system\View\View.php(230): include('C:\\xampp\\htdocs...')
#2 C:\xampp\htdocs\dosen\vendor\codeigniter4\framework\system\View\View.php(232): CodeIgniter\View\View->CodeIgniter\View\{closure}()
#3 C:\xampp\htdocs\dosen\vendor\codeigniter4\framework\system\View\View.php(246): CodeIgniter\View\View->render('layout/master', Array, true)
#4 C:\xampp\htdocs\dosen\vendor\codeigniter4\framework\system\Common.php(1271): CodeIgniter\View\View->render('admin/index', Array, true)
#5 C:\xampp\htdocs\dosen\app\Controllers\DosenController.php(11): view('admin/index')
#6 C:\xampp\htdocs\dosen\vendor\codeigniter4\framework\system\CodeIgniter.php(928): App\Controllers\DosenController->dashboard()
#7 C:\xampp\htdocs\dosen\vendor\codeigniter4\framework\system\CodeIgniter.php(436): CodeIgniter\CodeIgniter->runController(Object(App\Controllers\DosenController))
#8 C:\xampp\htdocs\dosen\vendor\codeigniter4\framework\system\CodeIgniter.php(336): CodeIgniter\CodeIgniter->handleRequest(NULL, Object(Config\Cache), false)
#9 C:\xampp\htdocs\dosen\public\index.php(37): CodeIgniter\CodeIgniter->run()
#10 C:\xampp\htdocs\dosen\vendor\codeigniter4\framework\system\Commands\Server\rewrite.php(45): require_once('C:\\xampp\\htdocs...')
#11 {main}
CRITICAL - 2021-06-21 21:52:17 --> Undefined variable $base_url
#0 C:\xampp\htdocs\dosen\app\Views\layout\master.php(57): CodeIgniter\Debug\Exceptions->errorHandler(2, 'Undefined varia...', 'C:\\xampp\\htdocs...', 57)
#1 C:\xampp\htdocs\dosen\vendor\codeigniter4\framework\system\View\View.php(230): include('C:\\xampp\\htdocs...')
#2 C:\xampp\htdocs\dosen\vendor\codeigniter4\framework\system\View\View.php(232): CodeIgniter\View\View->CodeIgniter\View\{closure}()
#3 C:\xampp\htdocs\dosen\vendor\codeigniter4\framework\system\View\View.php(246): CodeIgniter\View\View->render('layout/master', Array, true)
#4 C:\xampp\htdocs\dosen\vendor\codeigniter4\framework\system\Common.php(1271): CodeIgniter\View\View->render('admin/index', Array, true)
#5 C:\xampp\htdocs\dosen\app\Controllers\DosenController.php(11): view('admin/index')
#6 C:\xampp\htdocs\dosen\vendor\codeigniter4\framework\system\CodeIgniter.php(928): App\Controllers\DosenController->dashboard()
#7 C:\xampp\htdocs\dosen\vendor\codeigniter4\framework\system\CodeIgniter.php(436): CodeIgniter\CodeIgniter->runController(Object(App\Controllers\DosenController))
#8 C:\xampp\htdocs\dosen\vendor\codeigniter4\framework\system\CodeIgniter.php(336): CodeIgniter\CodeIgniter->handleRequest(NULL, Object(Config\Cache), false)
#9 C:\xampp\htdocs\dosen\public\index.php(37): CodeIgniter\CodeIgniter->run()
#10 C:\xampp\htdocs\dosen\vendor\codeigniter4\framework\system\Commands\Server\rewrite.php(45): require_once('C:\\xampp\\htdocs...')
#11 {main}
